16.11.2025 - 11:18:58 - [TAB v5.3.2] Failed to download skin "1753261242" from MineSkin: Server returned HTTP response code: 400 for URL: https://api.mineskin.org/get/uuid/1753261242
16.11.2025 - 11:18:59 - [TAB v5.3.2] Failed to download skin "1105851698" from MineSkin: Server returned HTTP response code: 400 for URL: https://api.mineskin.org/get/uuid/1105851698
16.11.2025 - 11:18:59 - [TAB v5.3.2] Failed to download skin "1074335506" from MineSkin: Server returned HTTP response code: 400 for URL: https://api.mineskin.org/get/uuid/1074335506
16.11.2025 - 11:20:20 - [TAB v5.3.2] Failed to download skin "1753261242" from MineSkin: Server returned HTTP response code: 400 for URL: https://api.mineskin.org/get/uuid/1753261242
16.11.2025 - 11:20:20 - [TAB v5.3.2] Failed to download skin "1105851698" from MineSkin: Server returned HTTP response code: 400 for URL: https://api.mineskin.org/get/uuid/1105851698
16.11.2025 - 11:20:21 - [TAB v5.3.2] Failed to download skin "1074335506" from MineSkin: Server returned HTTP response code: 400 for URL: https://api.mineskin.org/get/uuid/1074335506
16.11.2025 - 11:35:47 - [TAB v5.3.2] Failed to download skin "1753261242" from MineSkin: Server returned HTTP response code: 400 for URL: https://api.mineskin.org/get/uuid/1753261242
16.11.2025 - 11:35:48 - [TAB v5.3.2] Failed to download skin "1105851698" from MineSkin: Server returned HTTP response code: 400 for URL: https://api.mineskin.org/get/uuid/1105851698
16.11.2025 - 11:35:48 - [TAB v5.3.2] Failed to download skin "1074335506" from MineSkin: Server returned HTTP response code: 400 for URL: https://api.mineskin.org/get/uuid/1074335506
16.11.2025 - 11:57:32 - [TAB v5.3.2] Failed to download skin "1753261242" from MineSkin: Server returned HTTP response code: 400 for URL: https://api.mineskin.org/get/uuid/1753261242
16.11.2025 - 11:57:49 - [TAB v5.3.2] Failed to download skin "1105851698" from MineSkin: Server returned HTTP response code: 400 for URL: https://api.mineskin.org/get/uuid/1105851698
16.11.2025 - 11:57:50 - [TAB v5.3.2] Failed to download skin "1074335506" from MineSkin: Server returned HTTP response code: 400 for URL: https://api.mineskin.org/get/uuid/1074335506
16.11.2025 - 12:14:07 - [TAB v5.3.2] Failed to download skin "1753261242" from MineSkin: Server returned HTTP response code: 400 for URL: https://api.mineskin.org/get/uuid/1753261242
16.11.2025 - 12:14:07 - [TAB v5.3.2] Failed to download skin "1105851698" from MineSkin: Server returned HTTP response code: 400 for URL: https://api.mineskin.org/get/uuid/1105851698
16.11.2025 - 12:14:08 - [TAB v5.3.2] Failed to download skin "1074335506" from MineSkin: Server returned HTTP response code: 400 for URL: https://api.mineskin.org/get/uuid/1074335506
16.11.2025 - 12:19:48 - [TAB v5.3.2] Failed to download skin "1753261242" from MineSkin: Server returned HTTP response code: 400 for URL: https://api.mineskin.org/get/uuid/1753261242
16.11.2025 - 12:19:48 - [TAB v5.3.2] Failed to download skin "1105851698" from MineSkin: Server returned HTTP response code: 400 for URL: https://api.mineskin.org/get/uuid/1105851698
16.11.2025 - 12:19:49 - [TAB v5.3.2] Failed to download skin "1074335506" from MineSkin: Server returned HTTP response code: 400 for URL: https://api.mineskin.org/get/uuid/1074335506
16.11.2025 - 12:20:01 - [TAB v5.3.2] Failed to download skin "1753261242" from MineSkin: Server returned HTTP response code: 400 for URL: https://api.mineskin.org/get/uuid/1753261242
16.11.2025 - 12:20:01 - [TAB v5.3.2] Failed to download skin "1105851698" from MineSkin: Server returned HTTP response code: 400 for URL: https://api.mineskin.org/get/uuid/1105851698
16.11.2025 - 12:20:02 - [TAB v5.3.2] Failed to download skin "1074335506" from MineSkin: Server returned HTTP response code: 400 for URL: https://api.mineskin.org/get/uuid/1074335506
16.11.2025 - 12:24:28 - [TAB v5.3.2] Failed to download skin "1753261242" from MineSkin: Server returned HTTP response code: 400 for URL: https://api.mineskin.org/get/uuid/1753261242
16.11.2025 - 12:26:03 - [TAB v5.3.2] Failed to download skin "1105851698" from MineSkin: Server returned HTTP response code: 400 for URL: https://api.mineskin.org/get/uuid/1105851698
16.11.2025 - 12:26:03 - [TAB v5.3.2] Failed to download skin "1074335506" from MineSkin: Server returned HTTP response code: 400 for URL: https://api.mineskin.org/get/uuid/1074335506
16.11.2025 - 12:41:34 - [TAB v5.3.2] Failed to download skin "1753261242" from MineSkin: Server returned HTTP response code: 400 for URL: https://api.mineskin.org/get/uuid/1753261242
16.11.2025 - 12:42:12 - [TAB v5.3.2] Failed to download skin "1105851698" from MineSkin: Server returned HTTP response code: 400 for URL: https://api.mineskin.org/get/uuid/1105851698
16.11.2025 - 12:42:13 - [TAB v5.3.2] Failed to download skin "1074335506" from MineSkin: Server returned HTTP response code: 400 for URL: https://api.mineskin.org/get/uuid/1074335506
16.11.2025 - 12:43:06 - [TAB v5.3.2] Failed to download skin "1753261242" from MineSkin: Server returned HTTP response code: 400 for URL: https://api.mineskin.org/get/uuid/1753261242
16.11.2025 - 12:44:55 - [TAB v5.3.2] Failed to download skin "1753261242" from MineSkin: Server returned HTTP response code: 400 for URL: https://api.mineskin.org/get/uuid/1753261242
16.11.2025 - 12:47:51 - [TAB v5.3.2] Failed to download skin "1753261242" from MineSkin: Server returned HTTP response code: 400 for URL: https://api.mineskin.org/get/uuid/1753261242
17.11.2025 - 22:59:30 - [TAB v5.3.2] Failed to download skin "1753261242" from MineSkin: Server returned HTTP response code: 400 for URL: https://api.mineskin.org/get/uuid/1753261242
18.11.2025 - 10:45:16 - [TAB v5.3.2] Failed to download skin "1753261242" from MineSkin: Server returned HTTP response code: 400 for URL: https://api.mineskin.org/get/uuid/1753261242
19.11.2025 - 20:53:58 - [TAB v5.3.2] Failed to enable. Did you just invent a new way to break the plugin by misconfiguring it?
19.11.2025 - 20:53:58 - java.lang.NullPointerException: Cannot invoke "Object.toString()" because "o" is null
19.11.2025 - 20:53:58 - 	at TAB v5.3.2.jar//me.neznamy.tab.shared.config.file.ConfigurationSection.lambda$getStringList$1(ConfigurationSection.java:85)
19.11.2025 - 20:53:58 - 	at java.base/java.util.stream.ReferencePipeline$3$1.accept(ReferencePipeline.java:197)
19.11.2025 - 20:53:58 - 	at java.base/java.util.ArrayList$ArrayListSpliterator.forEachRemaining(ArrayList.java:1708)
19.11.2025 - 20:53:58 - 	at java.base/java.util.stream.AbstractPipeline.copyInto(AbstractPipeline.java:509)
19.11.2025 - 20:53:58 - 	at java.base/java.util.stream.AbstractPipeline.wrapAndCopyInto(AbstractPipeline.java:499)
19.11.2025 - 20:53:58 - 	at java.base/java.util.stream.ReduceOps$ReduceOp.evaluateSequential(ReduceOps.java:921)
19.11.2025 - 20:53:58 - 	at java.base/java.util.stream.AbstractPipeline.evaluate(AbstractPipeline.java:234)
19.11.2025 - 20:53:58 - 	at java.base/java.util.stream.ReferencePipeline.collect(ReferencePipeline.java:682)
19.11.2025 - 20:53:58 - 	at TAB v5.3.2.jar//me.neznamy.tab.shared.config.file.ConfigurationSection.getStringList(ConfigurationSection.java:85)
19.11.2025 - 20:53:58 - 	at TAB v5.3.2.jar//me.neznamy.tab.shared.features.header.HeaderFooterConfiguration$HeaderFooterDesignDefinition.fromSection(HeaderFooterConfiguration.java:87)
19.11.2025 - 20:53:58 - 	at TAB v5.3.2.jar//me.neznamy.tab.shared.features.header.HeaderFooterConfiguration.fromSection(HeaderFooterConfiguration.java:39)
19.11.2025 - 20:53:58 - 	at TAB v5.3.2.jar//me.neznamy.tab.shared.config.files.Config.<init>(Config.java:101)
19.11.2025 - 20:53:58 - 	at TAB v5.3.2.jar//me.neznamy.tab.shared.config.Configs.<init>(Configs.java:34)
19.11.2025 - 20:53:58 - 	at TAB v5.3.2.jar//me.neznamy.tab.shared.TAB.load(TAB.java:190)
19.11.2025 - 20:53:58 - 	at TAB v5.3.2.jar//me.neznamy.tab.shared.TAB.create(TAB.java:125)
19.11.2025 - 20:53:58 - 	at TAB v5.3.2.jar//me.neznamy.tab.platforms.bukkit.BukkitTAB.onEnable(BukkitTAB.java:19)
19.11.2025 - 20:53:58 - 	at org.bukkit.plugin.java.JavaPlugin.setEnabled(JavaPlugin.java:280)
19.11.2025 - 20:53:58 - 	at io.papermc.paper.plugin.manager.PaperPluginInstanceManager.enablePlugin(PaperPluginInstanceManager.java:202)
19.11.2025 - 20:53:58 - 	at io.papermc.paper.plugin.manager.PaperPluginManagerImpl.enablePlugin(PaperPluginManagerImpl.java:109)
19.11.2025 - 20:53:58 - 	at org.bukkit.plugin.SimplePluginManager.enablePlugin(SimplePluginManager.java:520)
19.11.2025 - 20:53:58 - 	at org.bukkit.craftbukkit.CraftServer.enablePlugin(CraftServer.java:658)
19.11.2025 - 20:53:58 - 	at org.bukkit.craftbukkit.CraftServer.enablePlugins(CraftServer.java:607)
19.11.2025 - 20:53:58 - 	at net.minecraft.server.MinecraftServer.loadWorld0(MinecraftServer.java:743)
19.11.2025 - 20:53:58 - 	at net.minecraft.server.MinecraftServer.loadLevel(MinecraftServer.java:488)
19.11.2025 - 20:53:58 - 	at net.minecraft.server.dedicated.DedicatedServer.initServer(DedicatedServer.java:322)
19.11.2025 - 20:53:58 - 	at net.minecraft.server.MinecraftServer.runServer(MinecraftServer.java:1163)
19.11.2025 - 20:53:58 - 	at net.minecraft.server.MinecraftServer.lambda$spin$2(MinecraftServer.java:310)
19.11.2025 - 20:53:58 - 	at java.base/java.lang.Thread.run(Thread.java:1583)
19.11.2025 - 20:54:25 - [TAB v5.3.2] Failed to enable. Did you just invent a new way to break the plugin by misconfiguring it?
19.11.2025 - 20:54:25 - java.lang.NullPointerException: Cannot invoke "Object.toString()" because "o" is null
19.11.2025 - 20:54:25 - 	at TAB v5.3.2.jar//me.neznamy.tab.shared.config.file.ConfigurationSection.lambda$getStringList$1(ConfigurationSection.java:85)
19.11.2025 - 20:54:25 - 	at java.base/java.util.stream.ReferencePipeline$3$1.accept(ReferencePipeline.java:197)
19.11.2025 - 20:54:25 - 	at java.base/java.util.ArrayList$ArrayListSpliterator.forEachRemaining(ArrayList.java:1708)
19.11.2025 - 20:54:25 - 	at java.base/java.util.stream.AbstractPipeline.copyInto(AbstractPipeline.java:509)
19.11.2025 - 20:54:25 - 	at java.base/java.util.stream.AbstractPipeline.wrapAndCopyInto(AbstractPipeline.java:499)
19.11.2025 - 20:54:25 - 	at java.base/java.util.stream.ReduceOps$ReduceOp.evaluateSequential(ReduceOps.java:921)
19.11.2025 - 20:54:25 - 	at java.base/java.util.stream.AbstractPipeline.evaluate(AbstractPipeline.java:234)
19.11.2025 - 20:54:25 - 	at java.base/java.util.stream.ReferencePipeline.collect(ReferencePipeline.java:682)
19.11.2025 - 20:54:25 - 	at TAB v5.3.2.jar//me.neznamy.tab.shared.config.file.ConfigurationSection.getStringList(ConfigurationSection.java:85)
19.11.2025 - 20:54:25 - 	at TAB v5.3.2.jar//me.neznamy.tab.shared.features.header.HeaderFooterConfiguration$HeaderFooterDesignDefinition.fromSection(HeaderFooterConfiguration.java:87)
19.11.2025 - 20:54:25 - 	at TAB v5.3.2.jar//me.neznamy.tab.shared.features.header.HeaderFooterConfiguration.fromSection(HeaderFooterConfiguration.java:39)
19.11.2025 - 20:54:25 - 	at TAB v5.3.2.jar//me.neznamy.tab.shared.config.files.Config.<init>(Config.java:101)
19.11.2025 - 20:54:25 - 	at TAB v5.3.2.jar//me.neznamy.tab.shared.config.Configs.<init>(Configs.java:34)
19.11.2025 - 20:54:25 - 	at TAB v5.3.2.jar//me.neznamy.tab.shared.TAB.load(TAB.java:190)
19.11.2025 - 20:54:25 - 	at TAB v5.3.2.jar//me.neznamy.tab.shared.command.DisabledCommand.execute(DisabledCommand.java:29)
19.11.2025 - 20:54:25 - 	at TAB v5.3.2.jar//me.neznamy.tab.platforms.bukkit.BukkitTabCommand.onCommand(BukkitTabCommand.java:26)
19.11.2025 - 20:54:25 - 	at org.bukkit.command.PluginCommand.execute(PluginCommand.java:45)
19.11.2025 - 20:54:25 - 	at org.bukkit.command.SimpleCommandMap.dispatch(SimpleCommandMap.java:165)
19.11.2025 - 20:54:25 - 	at org.bukkit.craftbukkit.CraftServer.dispatchCommand(CraftServer.java:1018)
19.11.2025 - 20:54:25 - 	at org.bukkit.craftbukkit.CraftServer.dispatchServerCommand(CraftServer.java:1003)
19.11.2025 - 20:54:25 - 	at net.minecraft.server.dedicated.DedicatedServer.handleConsoleInputs(DedicatedServer.java:478)
19.11.2025 - 20:54:25 - 	at net.minecraft.server.dedicated.DedicatedServer.tickConnection(DedicatedServer.java:428)
19.11.2025 - 20:54:25 - 	at net.minecraft.server.MinecraftServer.tickChildren(MinecraftServer.java:1738)
19.11.2025 - 20:54:25 - 	at net.minecraft.server.MinecraftServer.tickServer(MinecraftServer.java:1529)
19.11.2025 - 20:54:25 - 	at net.minecraft.server.MinecraftServer.runServer(MinecraftServer.java:1251)
19.11.2025 - 20:54:25 - 	at net.minecraft.server.MinecraftServer.lambda$spin$2(MinecraftServer.java:310)
19.11.2025 - 20:54:25 - 	at java.base/java.lang.Thread.run(Thread.java:1583)
19.11.2025 - 20:54:36 - [TAB v5.3.2] Failed to enable. Did you just invent a new way to break the plugin by misconfiguring it?
19.11.2025 - 20:54:36 - java.lang.NullPointerException: Cannot invoke "Object.toString()" because "o" is null
19.11.2025 - 20:54:36 - 	at TAB v5.3.2.jar//me.neznamy.tab.shared.config.file.ConfigurationSection.lambda$getStringList$1(ConfigurationSection.java:85)
19.11.2025 - 20:54:36 - 	at java.base/java.util.stream.ReferencePipeline$3$1.accept(ReferencePipeline.java:197)
19.11.2025 - 20:54:36 - 	at java.base/java.util.ArrayList$ArrayListSpliterator.forEachRemaining(ArrayList.java:1708)
19.11.2025 - 20:54:36 - 	at java.base/java.util.stream.AbstractPipeline.copyInto(AbstractPipeline.java:509)
19.11.2025 - 20:54:36 - 	at java.base/java.util.stream.AbstractPipeline.wrapAndCopyInto(AbstractPipeline.java:499)
19.11.2025 - 20:54:36 - 	at java.base/java.util.stream.ReduceOps$ReduceOp.evaluateSequential(ReduceOps.java:921)
19.11.2025 - 20:54:36 - 	at java.base/java.util.stream.AbstractPipeline.evaluate(AbstractPipeline.java:234)
19.11.2025 - 20:54:36 - 	at java.base/java.util.stream.ReferencePipeline.collect(ReferencePipeline.java:682)
19.11.2025 - 20:54:36 - 	at TAB v5.3.2.jar//me.neznamy.tab.shared.config.file.ConfigurationSection.getStringList(ConfigurationSection.java:85)
19.11.2025 - 20:54:36 - 	at TAB v5.3.2.jar//me.neznamy.tab.shared.features.header.HeaderFooterConfiguration$HeaderFooterDesignDefinition.fromSection(HeaderFooterConfiguration.java:87)
19.11.2025 - 20:54:36 - 	at TAB v5.3.2.jar//me.neznamy.tab.shared.features.header.HeaderFooterConfiguration.fromSection(HeaderFooterConfiguration.java:39)
19.11.2025 - 20:54:36 - 	at TAB v5.3.2.jar//me.neznamy.tab.shared.config.files.Config.<init>(Config.java:101)
19.11.2025 - 20:54:36 - 	at TAB v5.3.2.jar//me.neznamy.tab.shared.config.Configs.<init>(Configs.java:34)
19.11.2025 - 20:54:36 - 	at TAB v5.3.2.jar//me.neznamy.tab.shared.TAB.load(TAB.java:190)
19.11.2025 - 20:54:36 - 	at TAB v5.3.2.jar//me.neznamy.tab.shared.command.DisabledCommand.execute(DisabledCommand.java:29)
19.11.2025 - 20:54:36 - 	at TAB v5.3.2.jar//me.neznamy.tab.platforms.bukkit.BukkitTabCommand.onCommand(BukkitTabCommand.java:26)
19.11.2025 - 20:54:36 - 	at org.bukkit.command.PluginCommand.execute(PluginCommand.java:45)
19.11.2025 - 20:54:36 - 	at org.bukkit.command.SimpleCommandMap.dispatch(SimpleCommandMap.java:165)
19.11.2025 - 20:54:36 - 	at org.bukkit.craftbukkit.CraftServer.dispatchCommand(CraftServer.java:1018)
19.11.2025 - 20:54:36 - 	at org.bukkit.craftbukkit.CraftServer.dispatchServerCommand(CraftServer.java:1003)
19.11.2025 - 20:54:36 - 	at net.minecraft.server.dedicated.DedicatedServer.handleConsoleInputs(DedicatedServer.java:478)
19.11.2025 - 20:54:36 - 	at net.minecraft.server.dedicated.DedicatedServer.tickConnection(DedicatedServer.java:428)
19.11.2025 - 20:54:36 - 	at net.minecraft.server.MinecraftServer.tickChildren(MinecraftServer.java:1738)
19.11.2025 - 20:54:36 - 	at net.minecraft.server.MinecraftServer.tickServer(MinecraftServer.java:1529)
19.11.2025 - 20:54:36 - 	at net.minecraft.server.MinecraftServer.runServer(MinecraftServer.java:1251)
19.11.2025 - 20:54:36 - 	at net.minecraft.server.MinecraftServer.lambda$spin$2(MinecraftServer.java:310)
19.11.2025 - 20:54:36 - 	at java.base/java.lang.Thread.run(Thread.java:1583)
19.11.2025 - 20:55:16 - [TAB v5.3.2] Failed to enable. Did you just invent a new way to break the plugin by misconfiguring it?
19.11.2025 - 20:55:16 - java.lang.NullPointerException: Cannot invoke "Object.toString()" because "o" is null
19.11.2025 - 20:55:16 - 	at TAB v5.3.2.jar//me.neznamy.tab.shared.config.file.ConfigurationSection.lambda$getStringList$1(ConfigurationSection.java:85)
19.11.2025 - 20:55:16 - 	at java.base/java.util.stream.ReferencePipeline$3$1.accept(ReferencePipeline.java:197)
19.11.2025 - 20:55:16 - 	at java.base/java.util.ArrayList$ArrayListSpliterator.forEachRemaining(ArrayList.java:1708)
19.11.2025 - 20:55:16 - 	at java.base/java.util.stream.AbstractPipeline.copyInto(AbstractPipeline.java:509)
19.11.2025 - 20:55:16 - 	at java.base/java.util.stream.AbstractPipeline.wrapAndCopyInto(AbstractPipeline.java:499)
19.11.2025 - 20:55:16 - 	at java.base/java.util.stream.ReduceOps$ReduceOp.evaluateSequential(ReduceOps.java:921)
19.11.2025 - 20:55:16 - 	at java.base/java.util.stream.AbstractPipeline.evaluate(AbstractPipeline.java:234)
19.11.2025 - 20:55:16 - 	at java.base/java.util.stream.ReferencePipeline.collect(ReferencePipeline.java:682)
19.11.2025 - 20:55:16 - 	at TAB v5.3.2.jar//me.neznamy.tab.shared.config.file.ConfigurationSection.getStringList(ConfigurationSection.java:85)
19.11.2025 - 20:55:16 - 	at TAB v5.3.2.jar//me.neznamy.tab.shared.features.header.HeaderFooterConfiguration$HeaderFooterDesignDefinition.fromSection(HeaderFooterConfiguration.java:87)
19.11.2025 - 20:55:16 - 	at TAB v5.3.2.jar//me.neznamy.tab.shared.features.header.HeaderFooterConfiguration.fromSection(HeaderFooterConfiguration.java:39)
19.11.2025 - 20:55:16 - 	at TAB v5.3.2.jar//me.neznamy.tab.shared.config.files.Config.<init>(Config.java:101)
19.11.2025 - 20:55:16 - 	at TAB v5.3.2.jar//me.neznamy.tab.shared.config.Configs.<init>(Configs.java:34)
19.11.2025 - 20:55:16 - 	at TAB v5.3.2.jar//me.neznamy.tab.shared.TAB.load(TAB.java:190)
19.11.2025 - 20:55:16 - 	at TAB v5.3.2.jar//me.neznamy.tab.shared.command.DisabledCommand.execute(DisabledCommand.java:29)
19.11.2025 - 20:55:16 - 	at TAB v5.3.2.jar//me.neznamy.tab.platforms.bukkit.BukkitTabCommand.onCommand(BukkitTabCommand.java:26)
19.11.2025 - 20:55:16 - 	at org.bukkit.command.PluginCommand.execute(PluginCommand.java:45)
19.11.2025 - 20:55:16 - 	at org.bukkit.command.SimpleCommandMap.dispatch(SimpleCommandMap.java:165)
19.11.2025 - 20:55:16 - 	at org.bukkit.craftbukkit.CraftServer.dispatchCommand(CraftServer.java:1018)
19.11.2025 - 20:55:16 - 	at org.bukkit.craftbukkit.CraftServer.dispatchServerCommand(CraftServer.java:1003)
19.11.2025 - 20:55:16 - 	at net.minecraft.server.dedicated.DedicatedServer.handleConsoleInputs(DedicatedServer.java:478)
19.11.2025 - 20:55:16 - 	at net.minecraft.server.dedicated.DedicatedServer.tickConnection(DedicatedServer.java:428)
19.11.2025 - 20:55:16 - 	at net.minecraft.server.MinecraftServer.tickChildren(MinecraftServer.java:1738)
19.11.2025 - 20:55:16 - 	at net.minecraft.server.MinecraftServer.tickServer(MinecraftServer.java:1529)
19.11.2025 - 20:55:16 - 	at net.minecraft.server.MinecraftServer.runServer(MinecraftServer.java:1251)
19.11.2025 - 20:55:16 - 	at net.minecraft.server.MinecraftServer.lambda$spin$2(MinecraftServer.java:310)
19.11.2025 - 20:55:16 - 	at java.base/java.lang.Thread.run(Thread.java:1583)
19.11.2025 - 20:57:57 - [TAB v5.3.2] Failed to enable. Did you just invent a new way to break the plugin by misconfiguring it?
19.11.2025 - 20:57:57 - java.lang.NullPointerException: Cannot invoke "Object.toString()" because "o" is null
19.11.2025 - 20:57:57 - 	at TAB v5.3.2.jar//me.neznamy.tab.shared.config.file.ConfigurationSection.lambda$getStringList$1(ConfigurationSection.java:85)
19.11.2025 - 20:57:57 - 	at java.base/java.util.stream.ReferencePipeline$3$1.accept(ReferencePipeline.java:197)
19.11.2025 - 20:57:57 - 	at java.base/java.util.ArrayList$ArrayListSpliterator.forEachRemaining(ArrayList.java:1708)
19.11.2025 - 20:57:57 - 	at java.base/java.util.stream.AbstractPipeline.copyInto(AbstractPipeline.java:509)
19.11.2025 - 20:57:57 - 	at java.base/java.util.stream.AbstractPipeline.wrapAndCopyInto(AbstractPipeline.java:499)
19.11.2025 - 20:57:57 - 	at java.base/java.util.stream.ReduceOps$ReduceOp.evaluateSequential(ReduceOps.java:921)
19.11.2025 - 20:57:57 - 	at java.base/java.util.stream.AbstractPipeline.evaluate(AbstractPipeline.java:234)
19.11.2025 - 20:57:57 - 	at java.base/java.util.stream.ReferencePipeline.collect(ReferencePipeline.java:682)
19.11.2025 - 20:57:57 - 	at TAB v5.3.2.jar//me.neznamy.tab.shared.config.file.ConfigurationSection.getStringList(ConfigurationSection.java:85)
19.11.2025 - 20:57:57 - 	at TAB v5.3.2.jar//me.neznamy.tab.shared.features.header.HeaderFooterConfiguration$HeaderFooterDesignDefinition.fromSection(HeaderFooterConfiguration.java:87)
19.11.2025 - 20:57:57 - 	at TAB v5.3.2.jar//me.neznamy.tab.shared.features.header.HeaderFooterConfiguration.fromSection(HeaderFooterConfiguration.java:39)
19.11.2025 - 20:57:57 - 	at TAB v5.3.2.jar//me.neznamy.tab.shared.config.files.Config.<init>(Config.java:101)
19.11.2025 - 20:57:57 - 	at TAB v5.3.2.jar//me.neznamy.tab.shared.config.Configs.<init>(Configs.java:34)
19.11.2025 - 20:57:57 - 	at TAB v5.3.2.jar//me.neznamy.tab.shared.TAB.load(TAB.java:190)
19.11.2025 - 20:57:57 - 	at TAB v5.3.2.jar//me.neznamy.tab.shared.command.DisabledCommand.execute(DisabledCommand.java:29)
19.11.2025 - 20:57:57 - 	at TAB v5.3.2.jar//me.neznamy.tab.platforms.bukkit.BukkitTabCommand.onCommand(BukkitTabCommand.java:26)
19.11.2025 - 20:57:57 - 	at org.bukkit.command.PluginCommand.execute(PluginCommand.java:45)
19.11.2025 - 20:57:57 - 	at org.bukkit.command.SimpleCommandMap.dispatch(SimpleCommandMap.java:165)
19.11.2025 - 20:57:57 - 	at org.bukkit.craftbukkit.CraftServer.dispatchCommand(CraftServer.java:1018)
19.11.2025 - 20:57:57 - 	at org.bukkit.craftbukkit.CraftServer.dispatchServerCommand(CraftServer.java:1003)
19.11.2025 - 20:57:57 - 	at net.minecraft.server.dedicated.DedicatedServer.handleConsoleInputs(DedicatedServer.java:478)
19.11.2025 - 20:57:57 - 	at net.minecraft.server.dedicated.DedicatedServer.tickConnection(DedicatedServer.java:428)
19.11.2025 - 20:57:57 - 	at net.minecraft.server.MinecraftServer.tickChildren(MinecraftServer.java:1738)
19.11.2025 - 20:57:57 - 	at net.minecraft.server.MinecraftServer.tickServer(MinecraftServer.java:1529)
19.11.2025 - 20:57:57 - 	at net.minecraft.server.MinecraftServer.runServer(MinecraftServer.java:1251)
19.11.2025 - 20:57:57 - 	at net.minecraft.server.MinecraftServer.lambda$spin$2(MinecraftServer.java:310)
19.11.2025 - 20:57:57 - 	at java.base/java.lang.Thread.run(Thread.java:1583)
