#
# There is insufficient memory for the Java Runtime Environment to continue.
# Native memory allocation (mmap) failed to map 8589934592 bytes for G1 virtual space
# Possible reasons:
#   The system is out of physical RAM or swap space
#   The process is running with CompressedOops enabled, and the Java Heap may be blocking the growth of the native heap
# Possible solutions:
#   Reduce memory load on the system
#   Increase physical memory or swap space
#   Check if swap backing store is full
#   Decrease Java heap size (-Xmx/-Xms)
#   Decrease number of Java threads
#   Decrease Java thread stack sizes (-Xss)
#   Set larger code cache with -XX:ReservedCodeCacheSize=
#   JVM is running with Zero Based Compressed Oops mode in which the Java heap is
#     placed in the first 32GB address space. The Java Heap base address is the
#     maximum limit for the native heap growth. Please use -XX:HeapBaseMinAddress
#     to set the Java Heap base and to place the Java Heap above 32GB virtual address.
# This output file may be truncated or incomplete.
#
#  Out of Memory Error (os_windows.cpp:3603), pid=47844, tid=90784
#
# JRE version:  (21.0.8+12) (build )
# Java VM: Java HotSpot(TM) 64-Bit Server VM (21.0.8+12-LTS-250, mixed mode, sharing, tiered, compressed oops, compressed class ptrs, g1 gc, windows-amd64)
# No core dump will be written. Minidumps are not enabled by default on client versions of Windows
#

---------------  S U M M A R Y ------------

Command Line: -Xms8G -Xmx8G paper.jar --nogui

Host: Intel(R) Core(TM) i5-10500H CPU @ 2.50GHz, 12 cores, 15G,  Windows 11 , 64 bit Build 26100 (10.0.26100.6725)
Time: Fri Nov  7 11:05:07 2025 SE Asia Standard Time elapsed time: 0.204643 seconds (0d 0h 0m 0s)

---------------  T H R E A D  ---------------

Current thread (0x000001df7b048c80):  JavaThread "Unknown thread" [_thread_in_vm, id=90784, stack(0x0000005ba8500000,0x0000005ba8600000) (1024K)]

Stack: [0x0000005ba8500000,0x0000005ba8600000]
Native frames: (J=compiled Java code, j=interpreted, Vv=VM code, C=native code)
V  [jvm.dll+0x6cc179]
V  [jvm.dll+0x8584c1]
V  [jvm.dll+0x85a9ee]
V  [jvm.dll+0x85b0c3]
V  [jvm.dll+0x27ebf6]
V  [jvm.dll+0x6c88f5]
V  [jvm.dll+0x6bd45a]
V  [jvm.dll+0x354b1a]
V  [jvm.dll+0x35c796]
V  [jvm.dll+0x3af85e]
V  [jvm.dll+0x3afb08]
V  [jvm.dll+0x328e2c]
V  [jvm.dll+0x32998b]
V  [jvm.dll+0x821879]
V  [jvm.dll+0x3bc541]
V  [jvm.dll+0x80aaf8]
V  [jvm.dll+0x45172e]
V  [jvm.dll+0x453321]
C  [jli.dll+0x52a3]
C  [ucrtbase.dll+0x37b0]
C  [KERNEL32.DLL+0x2e8d7]
C  [ntdll.dll+0x8c53c]


---------------  P R O C E S S  ---------------

Threads class SMR info:
_java_thread_list=0x00007ffb20c7fc48, length=0, elements={
}

Java Threads: ( => current thread )
Total: 0

Other Threads:
  0x000001df7b34cbf0 WorkerThread "GC Thread#0"                     [id=3464, stack(0x0000005ba8600000,0x0000005ba8700000) (1024K)]
  0x000001df7b35dbd0 ConcurrentGCThread "G1 Main Marker"            [id=3460, stack(0x0000005ba8700000,0x0000005ba8800000) (1024K)]
  0x000001df7b35f550 WorkerThread "G1 Conc#0"                       [id=42768, stack(0x0000005ba8800000,0x0000005ba8900000) (1024K)]

[error occurred during error reporting (printing all threads), id 0xc0000005, EXCEPTION_ACCESS_VIOLATION (0xc0000005) at pc=0x00007ffb203eb5b7]
VM state: not at safepoint (not fully initialized)

VM Mutex/Monitor currently owned by a thread:  ([mutex/lock_event])
[0x00007ffb20cf0f50] Heap_lock - owner thread: 0x000001df7b048c80

Heap address: 0x0000000600000000, size: 8192 MB, Compressed Oops mode: Zero based, Oop shift amount: 3

CDS archive(s) mapped at: [0x0000000000000000-0x0000000000000000-0x0000000000000000), size 0, SharedBaseAddress: 0x0000000800000000, ArchiveRelocationMode: 1.
Narrow klass base: 0x0000000000000000, Narrow klass shift: 0, Narrow klass range: 0x0

GC Precious Log:
 CardTable entry size: 512
 Card Set container configuration: InlinePtr #cards 4 size 8 Array Of Cards #cards 32 size 80 Howl #buckets 8 coarsen threshold 7372 Howl Bitmap #cards 1024 size 144 coarsen threshold 921 Card regions per heap region 1 cards per card region 8192

Heap:
 garbage-first heap   total 0K, used 0K [0x0000000600000000, 0x0000000800000000)
  region size 4096K, 0 young (0K), 0 survivors (0K)

[error occurred during error reporting (printing heap information), id 0xc0000005, EXCEPTION_ACCESS_VIOLATION (0xc0000005) at pc=0x00007ffb207d51e9]
GC Heap History (0 events):
No events

Dll operation events (1 events):
Event: 0.007 Loaded shared library C:\Program Files\Java\jdk-21\bin\java.dll

Deoptimization events (0 events):
No events

Classes loaded (0 events):
No events

Classes unloaded (0 events):
No events

Classes redefined (0 events):
No events

Internal exceptions (0 events):
No events

ZGC Phase Switch (0 events):
No events

VM Operations (0 events):
No events

Events (0 events):
No events


Dynamic libraries:
0x00007ff7b7930000 - 0x00007ff7b7940000 	C:\Program Files\Java\jdk-21\bin\java.exe
0x00007ffc50d40000 - 0x00007ffc50fa8000 	C:\Windows\SYSTEM32\ntdll.dll
0x00007ffc50520000 - 0x00007ffc505e9000 	C:\Windows\System32\KERNEL32.DLL
0x00007ffc4e640000 - 0x00007ffc4ea32000 	C:\Windows\System32\KERNELBASE.dll
0x00007ffc4e190000 - 0x00007ffc4e2db000 	C:\Windows\System32\ucrtbase.dll
0x00007ffc36c00000 - 0x00007ffc36c19000 	C:\Program Files\Java\jdk-21\bin\jli.dll
0x00007ffc22340000 - 0x00007ffc2235b000 	C:\Program Files\Java\jdk-21\bin\VCRUNTIME140.dll
0x00007ffc4efa0000 - 0x00007ffc4f054000 	C:\Windows\System32\ADVAPI32.dll
0x00007ffc50760000 - 0x00007ffc50809000 	C:\Windows\System32\msvcrt.dll
0x00007ffc4f1a0000 - 0x00007ffc4f246000 	C:\Windows\System32\sechost.dll
0x00007ffc50640000 - 0x00007ffc50758000 	C:\Windows\System32\RPCRT4.dll
0x00007ffc4f310000 - 0x00007ffc4f4d5000 	C:\Windows\System32\USER32.dll
0x00007ffc4eae0000 - 0x00007ffc4eb07000 	C:\Windows\System32\win32u.dll
0x00007ffc32810000 - 0x00007ffc32aa3000 	C:\Windows\WinSxS\amd64_microsoft.windows.common-controls_6595b64144ccf1df_6.0.26100.6899_none_3e0efeeae32e88c1\COMCTL32.dll
0x00007ffc4f160000 - 0x00007ffc4f18b000 	C:\Windows\System32\GDI32.dll
0x00007ffc4e3a0000 - 0x00007ffc4e4cd000 	C:\Windows\System32\gdi32full.dll
0x00007ffc4ded0000 - 0x00007ffc4df73000 	C:\Windows\System32\msvcp_win.dll
0x00007ffc476d0000 - 0x00007ffc476db000 	C:\Windows\SYSTEM32\VERSION.dll
0x00007ffc505f0000 - 0x00007ffc5061f000 	C:\Windows\System32\IMM32.DLL
0x00007ffc39460000 - 0x00007ffc3946c000 	C:\Program Files\Java\jdk-21\bin\vcruntime140_1.dll
0x00007ffc07e20000 - 0x00007ffc07eae000 	C:\Program Files\Java\jdk-21\bin\msvcp140.dll
0x00007ffb200b0000 - 0x00007ffb20dcd000 	C:\Program Files\Java\jdk-21\bin\server\jvm.dll
0x00007ffc4f4e0000 - 0x00007ffc4f554000 	C:\Windows\System32\WS2_32.dll
0x00007ffc4dd30000 - 0x00007ffc4dd8e000 	C:\Windows\SYSTEM32\POWRPROF.dll
0x00007ffc3e380000 - 0x00007ffc3e3b5000 	C:\Windows\SYSTEM32\WINMM.dll
0x00007ffc4dd10000 - 0x00007ffc4dd24000 	C:\Windows\SYSTEM32\UMPDC.dll
0x00007ffc4cc70000 - 0x00007ffc4cc8b000 	C:\Windows\SYSTEM32\kernel.appcore.dll
0x00007ffc37ba0000 - 0x00007ffc37baa000 	C:\Program Files\Java\jdk-21\bin\jimage.dll
0x00007ffc3bf00000 - 0x00007ffc3c142000 	C:\Windows\SYSTEM32\DBGHELP.DLL
0x00007ffc508a0000 - 0x00007ffc50c1b000 	C:\Windows\System32\combase.dll
0x00007ffc50220000 - 0x00007ffc502f7000 	C:\Windows\System32\OLEAUT32.dll
0x00007ffc38e70000 - 0x00007ffc38eac000 	C:\Windows\SYSTEM32\dbgcore.DLL
0x00007ffc4ea40000 - 0x00007ffc4ead8000 	C:\Windows\System32\bcryptPrimitives.dll
0x00007ffc20cd0000 - 0x00007ffc20cef000 	C:\Program Files\Java\jdk-21\bin\java.dll

dbghelp: loaded successfully - version: 4.0.5 - missing functions: none
symbol engine: initialized successfully - sym options: 0x614 - pdb path: .;C:\Program Files\Java\jdk-21\bin;C:\Windows\SYSTEM32;C:\Windows\WinSxS\amd64_microsoft.windows.common-controls_6595b64144ccf1df_6.0.26100.6899_none_3e0efeeae32e88c1;C:\Program Files\Java\jdk-21\bin\server

VM Arguments:
jvm_args: -Xms8G -Xmx8G 
java_command: paper.jar --nogui
java_class_path (initial): paper.jar
Launcher Type: SUN_STANDARD

[Global flags]
     intx CICompilerCount                          = 4                                         {product} {ergonomic}
     uint ConcGCThreads                            = 3                                         {product} {ergonomic}
     uint G1ConcRefinementThreads                  = 10                                        {product} {ergonomic}
   size_t G1HeapRegionSize                         = 4194304                                   {product} {ergonomic}
    uintx GCDrainStackTargetSize                   = 64                                        {product} {ergonomic}
   size_t InitialHeapSize                          = 8589934592                                {product} {command line}
   size_t MarkStackSize                            = 4194304                                   {product} {ergonomic}
   size_t MaxHeapSize                              = 8589934592                                {product} {command line}
   size_t MinHeapDeltaBytes                        = 4194304                                   {product} {ergonomic}
   size_t MinHeapSize                              = 8589934592                                {product} {command line}
    uintx NonNMethodCodeHeapSize                   = 5839372                                {pd product} {ergonomic}
    uintx NonProfiledCodeHeapSize                  = 122909434                              {pd product} {ergonomic}
    uintx ProfiledCodeHeapSize                     = 122909434                              {pd product} {ergonomic}
    uintx ReservedCodeCacheSize                    = 251658240                              {pd product} {ergonomic}
     bool SegmentedCodeCache                       = true                                      {product} {ergonomic}
   size_t SoftMaxHeapSize                          = 8589934592                             {manageable} {ergonomic}
     bool UseCompressedOops                        = true                           {product lp64_product} {ergonomic}
     bool UseG1GC                                  = true                                      {product} {ergonomic}
     bool UseLargePagesIndividualAllocation        = false                                  {pd product} {ergonomic}

Logging:
Log output configuration:
 #0: stdout all=warning uptime,level,tags foldmultilines=false
 #1: stderr all=off uptime,level,tags foldmultilines=false

Environment Variables:
JAVA_HOME=C:\Program Files\Java\jdk-17
PATH=C:\Python313\Scripts\;C:\Python313\;C:\Program Files\Common Files\Oracle\Java\javapath;C:\Program Files (x86)\Common Files\Oracle\Java\java8path;C:\Program Files (x86)\Common Files\Oracle\Java\javapath;C:\Windows\system32;C:\Windows;C:\Windows\System32\Wbem;C:\Windows\System32\WindowsPowerShell\v1.0\;C:\Windows\System32\OpenSSH\;C:\Program Files\nodejs\;C:\ProgramData\chocolatey\bin;C:\Program Files\WireGuard\;C:\Program Files (x86)\NVIDIA Corporation\PhysX\Common;C:\Program Files\Microsoft SQL Server\150\Tools\Binn\;C:\Program Files\Microsoft SQL Server\Client SDK\ODBC\170\Tools\Binn\;C:\Program Files\dotnet\;C:\Program Files\Git\cmd;C:\Program Files\Java\jdk-17\bin;C:\Program Files\Java\jdk-21\bin;C:\Program Files\Java\jdk-11\bin;;C:\Program Files\Docker\Docker\resources\bin;C:\Program Files\NVIDIA Corporation\NVIDIA App\NvDLISR;C:\Program Files\CMake\bin;C:\Users\zerog\AppData\Local\Microsoft\WindowsApps;C:\Users\zerog\AppData\Local\Programs\Microsoft VS Code\bin;C:\Users\zerog\AppData\Roaming\npm;C:\Users\zerog\.dotnet\tools
USERNAME=zerog
OS=Windows_NT
PROCESSOR_IDENTIFIER=Intel64 Family 6 Model 165 Stepping 2, GenuineIntel
TMP=C:\Users\zerog\AppData\Local\Temp
TEMP=C:\Users\zerog\AppData\Local\Temp




Periodic native trim disabled

---------------  S Y S T E M  ---------------

OS:
 Windows 11 , 64 bit Build 26100 (10.0.26100.6725)
OS uptime: 7 days 2:01 hours
Hyper-V role detected

CPU: total 12 (initial active 12) (6 cores per cpu, 2 threads per core) family 6 model 165 stepping 2 microcode 0xea, cx8, cmov, fxsr, ht, mmx, 3dnowpref, sse, sse2, sse3, ssse3, sse4.1, sse4.2, popcnt, lzcnt, tsc, tscinvbit, avx, avx2, aes, erms, clmul, bmi1, bmi2, adx, fma, vzeroupper, clflush, clflushopt, hv, rdtscp, f16c
Processor Information for all 12 processors :
  Max Mhz: 2496, Current Mhz: 2496, Mhz Limit: 2496

Memory: 4k page, system-wide physical 16173M (2590M free)
TotalPageFile size 34249M (AvailPageFile size 8194M)
current process WorkingSet (physical memory assigned to process): 12M, peak: 12M
current process commit charge ("private bytes"): 64M, peak: 8256M

vm_info: Java HotSpot(TM) 64-Bit Server VM (21.0.8+12-LTS-250) for windows-amd64 JRE (21.0.8+12-LTS-250), built on 2025-06-27T08:11:22Z by "mach5one" with MS VC++ 17.6 (VS2022)

END.
