#
# There is insufficient memory for the Java Runtime Environment to continue.
# Native memory allocation (mmap) failed to map 8589934592 bytes for G1 virtual space
# Possible reasons:
#   The system is out of physical RAM or swap space
#   The process is running with CompressedOops enabled, and the Java Heap may be blocking the growth of the native heap
# Possible solutions:
#   Reduce memory load on the system
#   Increase physical memory or swap space
#   Check if swap backing store is full
#   Decrease Java heap size (-Xmx/-Xms)
#   Decrease number of Java threads
#   Decrease Java thread stack sizes (-Xss)
#   Set larger code cache with -XX:ReservedCodeCacheSize=
#   JVM is running with Zero Based Compressed Oops mode in which the Java heap is
#     placed in the first 32GB address space. The Java Heap base address is the
#     maximum limit for the native heap growth. Please use -XX:HeapBaseMinAddress
#     to set the Java Heap base and to place the Java Heap above 32GB virtual address.
# This output file may be truncated or incomplete.
#
#  Out of Memory Error (os_windows.cpp:3603), pid=22968, tid=18132
#
# JRE version:  (21.0.8+12) (build )
# Java VM: Java HotSpot(TM) 64-Bit Server VM (21.0.8+12-LTS-250, mixed mode, sharing, tiered, compressed oops, compressed class ptrs, g1 gc, windows-amd64)
# No core dump will be written. Minidumps are not enabled by default on client versions of Windows
#

---------------  S U M M A R Y ------------

Command Line: -Xms8G -Xmx8G paper.jar --nogui

Host: Intel(R) Core(TM) i5-10500H CPU @ 2.50GHz, 12 cores, 15G,  Windows 11 , 64 bit Build 26100 (10.0.26100.7019)
Time: Sat Nov 15 04:32:39 2025 SE Asia Standard Time elapsed time: 0.025014 seconds (0d 0h 0m 0s)

---------------  T H R E A D  ---------------

Current thread (0x0000019a56a1b6f0):  JavaThread "Unknown thread" [_thread_in_vm, id=18132, stack(0x0000002dedb00000,0x0000002dedc00000) (1024K)]

Stack: [0x0000002dedb00000,0x0000002dedc00000]
Native frames: (J=compiled Java code, j=interpreted, Vv=VM code, C=native code)
V  [jvm.dll+0x6cc179]
V  [jvm.dll+0x8584c1]
V  [jvm.dll+0x85a9ee]
V  [jvm.dll+0x85b0c3]
V  [jvm.dll+0x27ebf6]
V  [jvm.dll+0x6c88f5]
V  [jvm.dll+0x6bd45a]
V  [jvm.dll+0x354b1a]
V  [jvm.dll+0x35c796]
V  [jvm.dll+0x3af85e]
V  [jvm.dll+0x3afb08]
V  [jvm.dll+0x328e2c]
V  [jvm.dll+0x32998b]
V  [jvm.dll+0x821879]
V  [jvm.dll+0x3bc541]
V  [jvm.dll+0x80aaf8]
V  [jvm.dll+0x45172e]
V  [jvm.dll+0x453321]
C  [jli.dll+0x52a3]
C  [ucrtbase.dll+0x37b0]
C  [KERNEL32.DLL+0x2e8d7]
C  [ntdll.dll+0x8c53c]


---------------  P R O C E S S  ---------------

Threads class SMR info:
_java_thread_list=0x00007ffc34e1fc48, length=0, elements={
}

Java Threads: ( => current thread )
Total: 0

Other Threads:
  0x0000019a58dcb970 WorkerThread "GC Thread#0"                     [id=22120, stack(0x0000002dedc00000,0x0000002dedd00000) (1024K)]
  0x0000019a58dde6f0 ConcurrentGCThread "G1 Main Marker"            [id=27868, stack(0x0000002dedd00000,0x0000002dede00000) (1024K)]
  0x0000019a58ddf100 WorkerThread "G1 Conc#0"                       [id=4384, stack(0x0000002dede00000,0x0000002dedf00000) (1024K)]

[error occurred during error reporting (printing all threads), id 0xc0000005, EXCEPTION_ACCESS_VIOLATION (0xc0000005) at pc=0x00007ffc3458b5b7]
VM state: not at safepoint (not fully initialized)

VM Mutex/Monitor currently owned by a thread:  ([mutex/lock_event])
[0x00007ffc34e90f50] Heap_lock - owner thread: 0x0000019a56a1b6f0

Heap address: 0x0000000600000000, size: 8192 MB, Compressed Oops mode: Zero based, Oop shift amount: 3

CDS archive(s) mapped at: [0x0000000000000000-0x0000000000000000-0x0000000000000000), size 0, SharedBaseAddress: 0x0000000800000000, ArchiveRelocationMode: 1.
Narrow klass base: 0x0000000000000000, Narrow klass shift: 0, Narrow klass range: 0x0

GC Precious Log:
 CardTable entry size: 512
 Card Set container configuration: InlinePtr #cards 4 size 8 Array Of Cards #cards 32 size 80 Howl #buckets 8 coarsen threshold 7372 Howl Bitmap #cards 1024 size 144 coarsen threshold 921 Card regions per heap region 1 cards per card region 8192

Heap:
 garbage-first heap   total 0K, used 0K [0x0000000600000000, 0x0000000800000000)
  region size 4096K, 0 young (0K), 0 survivors (0K)

[error occurred during error reporting (printing heap information), id 0xc0000005, EXCEPTION_ACCESS_VIOLATION (0xc0000005) at pc=0x00007ffc349751e9]
GC Heap History (0 events):
No events

Dll operation events (1 events):
Event: 0.006 Loaded shared library C:\Program Files\Java\jdk-21\bin\java.dll

Deoptimization events (0 events):
No events

Classes loaded (0 events):
No events

Classes unloaded (0 events):
No events

Classes redefined (0 events):
No events

Internal exceptions (0 events):
No events

ZGC Phase Switch (0 events):
No events

VM Operations (0 events):
No events

Events (0 events):
No events


Dynamic libraries:
0x00007ff61a380000 - 0x00007ff61a390000 	C:\Program Files\Java\jdk-21\bin\java.exe
0x00007ffdb91a0000 - 0x00007ffdb9408000 	C:\Windows\SYSTEM32\ntdll.dll
0x00007ffdb76e0000 - 0x00007ffdb77a9000 	C:\Windows\System32\KERNEL32.DLL
0x00007ffdb6740000 - 0x00007ffdb6b38000 	C:\Windows\System32\KERNELBASE.dll
0x00007ffdb62f0000 - 0x00007ffdb643b000 	C:\Windows\System32\ucrtbase.dll
0x00007ffc84a40000 - 0x00007ffc84a5b000 	C:\Program Files\Java\jdk-21\bin\VCRUNTIME140.dll
0x00007ffd7e470000 - 0x00007ffd7e489000 	C:\Program Files\Java\jdk-21\bin\jli.dll
0x00007ffdb7010000 - 0x00007ffdb70c4000 	C:\Windows\System32\ADVAPI32.dll
0x00007ffdb73e0000 - 0x00007ffdb7489000 	C:\Windows\System32\msvcrt.dll
0x00007ffdb6f60000 - 0x00007ffdb7006000 	C:\Windows\System32\sechost.dll
0x00007ffdb8850000 - 0x00007ffdb8968000 	C:\Windows\System32\RPCRT4.dll
0x00007ffdb80f0000 - 0x00007ffdb82b7000 	C:\Windows\System32\USER32.dll
0x00007ffdaef00000 - 0x00007ffdaf194000 	C:\Windows\WinSxS\amd64_microsoft.windows.common-controls_6595b64144ccf1df_6.0.26100.7019_none_3e06ffa0e335b8a8\COMCTL32.dll
0x00007ffdb6440000 - 0x00007ffdb6467000 	C:\Windows\System32\win32u.dll
0x00007ffdb7370000 - 0x00007ffdb739b000 	C:\Windows\System32\GDI32.dll
0x00007ffdb6e10000 - 0x00007ffdb6f3c000 	C:\Windows\System32\gdi32full.dll
0x00007ffdb6bf0000 - 0x00007ffdb6c93000 	C:\Windows\System32\msvcp_win.dll
0x00007ffdb41e0000 - 0x00007ffdb41eb000 	C:\Windows\SYSTEM32\VERSION.dll
0x00007ffdb73a0000 - 0x00007ffdb73d1000 	C:\Windows\System32\IMM32.DLL
0x00007ffd9d590000 - 0x00007ffd9d59c000 	C:\Program Files\Java\jdk-21\bin\vcruntime140_1.dll
0x00007ffc3b1e0000 - 0x00007ffc3b26e000 	C:\Program Files\Java\jdk-21\bin\msvcp140.dll
0x00007ffc34250000 - 0x00007ffc34f6d000 	C:\Program Files\Java\jdk-21\bin\server\jvm.dll
0x00007ffdb7490000 - 0x00007ffdb7504000 	C:\Windows\System32\WS2_32.dll
0x00007ffdb6150000 - 0x00007ffdb61ae000 	C:\Windows\SYSTEM32\POWRPROF.dll
0x00007ffda6350000 - 0x00007ffda6385000 	C:\Windows\SYSTEM32\WINMM.dll
0x00007ffdb6130000 - 0x00007ffdb6144000 	C:\Windows\SYSTEM32\UMPDC.dll
0x00007ffdb5240000 - 0x00007ffdb525b000 	C:\Windows\SYSTEM32\kernel.appcore.dll
0x00007ffc3b1d0000 - 0x00007ffc3b1da000 	C:\Program Files\Java\jdk-21\bin\jimage.dll
0x00007ffda4560000 - 0x00007ffda47a2000 	C:\Windows\SYSTEM32\DBGHELP.DLL
0x00007ffdb82c0000 - 0x00007ffdb864b000 	C:\Windows\System32\combase.dll
0x00007ffdb77b0000 - 0x00007ffdb7887000 	C:\Windows\System32\OLEAUT32.dll
0x00007ffd84370000 - 0x00007ffd843ac000 	C:\Windows\SYSTEM32\dbgcore.DLL
0x00007ffdb6b40000 - 0x00007ffdb6be5000 	C:\Windows\System32\bcryptPrimitives.dll
0x00007ffc3b1b0000 - 0x00007ffc3b1cf000 	C:\Program Files\Java\jdk-21\bin\java.dll

dbghelp: loaded successfully - version: 4.0.5 - missing functions: none
symbol engine: initialized successfully - sym options: 0x614 - pdb path: .;C:\Program Files\Java\jdk-21\bin;C:\Windows\SYSTEM32;C:\Windows\WinSxS\amd64_microsoft.windows.common-controls_6595b64144ccf1df_6.0.26100.7019_none_3e06ffa0e335b8a8;C:\Program Files\Java\jdk-21\bin\server

VM Arguments:
jvm_args: -Xms8G -Xmx8G 
java_command: paper.jar --nogui
java_class_path (initial): paper.jar
Launcher Type: SUN_STANDARD

[Global flags]
     intx CICompilerCount                          = 4                                         {product} {ergonomic}
     uint ConcGCThreads                            = 3                                         {product} {ergonomic}
     uint G1ConcRefinementThreads                  = 10                                        {product} {ergonomic}
   size_t G1HeapRegionSize                         = 4194304                                   {product} {ergonomic}
    uintx GCDrainStackTargetSize                   = 64                                        {product} {ergonomic}
   size_t InitialHeapSize                          = 8589934592                                {product} {command line}
   size_t MarkStackSize                            = 4194304                                   {product} {ergonomic}
   size_t MaxHeapSize                              = 8589934592                                {product} {command line}
   size_t MinHeapDeltaBytes                        = 4194304                                   {product} {ergonomic}
   size_t MinHeapSize                              = 8589934592                                {product} {command line}
    uintx NonNMethodCodeHeapSize                   = 5839372                                {pd product} {ergonomic}
    uintx NonProfiledCodeHeapSize                  = 122909434                              {pd product} {ergonomic}
    uintx ProfiledCodeHeapSize                     = 122909434                              {pd product} {ergonomic}
    uintx ReservedCodeCacheSize                    = 251658240                              {pd product} {ergonomic}
     bool SegmentedCodeCache                       = true                                      {product} {ergonomic}
   size_t SoftMaxHeapSize                          = 8589934592                             {manageable} {ergonomic}
     bool UseCompressedOops                        = true                           {product lp64_product} {ergonomic}
     bool UseG1GC                                  = true                                      {product} {ergonomic}
     bool UseLargePagesIndividualAllocation        = false                                  {pd product} {ergonomic}

Logging:
Log output configuration:
 #0: stdout all=warning uptime,level,tags foldmultilines=false
 #1: stderr all=off uptime,level,tags foldmultilines=false

Environment Variables:
JAVA_HOME=C:\Program Files\Java\jdk-17
PATH=C:\Python313\Scripts\;C:\Python313\;C:\Program Files\Common Files\Oracle\Java\javapath;C:\Program Files (x86)\Common Files\Oracle\Java\java8path;C:\Program Files (x86)\Common Files\Oracle\Java\javapath;C:\Windows\system32;C:\Windows;C:\Windows\System32\Wbem;C:\Windows\System32\WindowsPowerShell\v1.0\;C:\Windows\System32\OpenSSH\;C:\Program Files\nodejs\;C:\ProgramData\chocolatey\bin;C:\Program Files\WireGuard\;C:\Program Files (x86)\NVIDIA Corporation\PhysX\Common;C:\Program Files\Microsoft SQL Server\150\Tools\Binn\;C:\Program Files\Microsoft SQL Server\Client SDK\ODBC\170\Tools\Binn\;C:\Program Files\dotnet\;C:\Program Files\Git\cmd;C:\Program Files\Java\jdk-17\bin;C:\Program Files\Java\jdk-21\bin;C:\Program Files\Java\jdk-11\bin;;C:\Program Files\Docker\Docker\resources\bin;C:\Program Files\NVIDIA Corporation\NVIDIA App\NvDLISR;C:\Program Files\CMake\bin;C:\Users\zerog\AppData\Local\Microsoft\WindowsApps;C:\Users\zerog\AppData\Local\Programs\Microsoft VS Code\bin;C:\Users\zerog\AppData\Roaming\npm;C:\Users\zerog\.dotnet\tools
USERNAME=zerog
OS=Windows_NT
PROCESSOR_IDENTIFIER=Intel64 Family 6 Model 165 Stepping 2, GenuineIntel
TMP=C:\Users\zerog\AppData\Local\Temp
TEMP=C:\Users\zerog\AppData\Local\Temp




Periodic native trim disabled

---------------  S Y S T E M  ---------------

OS:
 Windows 11 , 64 bit Build 26100 (10.0.26100.7019)
OS uptime: 0 days 3:25 hours
Hyper-V role detected

CPU: total 12 (initial active 12) (6 cores per cpu, 2 threads per core) family 6 model 165 stepping 2 microcode 0xea, cx8, cmov, fxsr, ht, mmx, 3dnowpref, sse, sse2, sse3, ssse3, sse4.1, sse4.2, popcnt, lzcnt, tsc, tscinvbit, avx, avx2, aes, erms, clmul, bmi1, bmi2, adx, fma, vzeroupper, clflush, clflushopt, hv, rdtscp, f16c
Processor Information for all 12 processors :
  Max Mhz: 2496, Current Mhz: 2496, Mhz Limit: 2496

Memory: 4k page, system-wide physical 16173M (859M free)
TotalPageFile size 42724M (AvailPageFile size 8289M)
current process WorkingSet (physical memory assigned to process): 12M, peak: 12M
current process commit charge ("private bytes"): 64M, peak: 8272M

vm_info: Java HotSpot(TM) 64-Bit Server VM (21.0.8+12-LTS-250) for windows-amd64 JRE (21.0.8+12-LTS-250), built on 2025-06-27T08:11:22Z by "mach5one" with MS VC++ 17.6 (VS2022)

END.
