10:32 OriginoSky: %oraxen_blogo%
11:10 OriginoSky: hrllo
11:12 OriginoSky: hello
11:15 OriginoSky: bh
11:20 OriginoSky: helo
11:20 OriginoSky: helo
11:21 OriginoSky: helo
11:21 OriginoSky: helo
11:21 OriginoSky: helo
11:21 OriginoSky: helo
11:21 OriginoSky: e
11:23 OriginoSky: ꐟ
11:27 OriginoSky: hello
11:27 OriginoSky: e
11:29 OriginoSky: hel
16:01 OriginoSky: hello
16:07 OriginoSky: FBE9FF
16:07 OriginoSky: #FBE9FF he
16:07 OriginoSky: &#FBE9FF he
16:07 OriginoSky: &#FBE9FFhe
16:09 OriginoSky: he
16:13 OriginoSky: he
16:13 OriginoSky: he
16:14 OriginoSky: he
16:14 OriginoSky: he
16:15 OriginoSky: }&7:&r he
16:15 OriginoSky: hi
16:35 OriginoSky: he
20:10 OriginoSky: hello
